# JRE version: Java(TM) SE Runtime Environment (21.0.5+9) (build 21.0.5+9-LTS-239)
# Java VM: Java HotSpot(TM) 64-Bit Server VM (21.0.5+9-LTS-239, mixed mode, emulated-client, sharing, tiered, compressed oops, compressed class ptrs, g1 gc, windows-amd64)
GC Precious Log:
 CardTable entry size: 512
 Card Set container configuration: InlinePtr #cards 4 size 8 Array Of Cards #cards 16 size 48 Howl #buckets 8 coarsen threshold 3686 Howl Bitmap #cards 512 size 80 coarsen threshold 460 Card regions per heap region 1 cards per card region 4096
 CPUs: 8 total, 8 available
 Memory: 16235M
 Large Page Support: Disabled
 NUMA Support: Disabled
 Compressed Oops: Enabled (Zero based)
 Heap Region Size: 2M
 Heap Min Capacity: 8M
 Heap Initial Capacity: 254M
 Heap Max Capacity: 4060M
 Pre-touch: Disabled
 Parallel Workers: 8
 Concurrent Workers: 2
 Concurrent Refinement Workers: 8
 Periodic GC: Disabled
Heap:
 garbage-first heap   total 172032K, used 120928K [0x0000000702400000, 0x0000000800000000)
  region size 2048K, 37 young (75776K), 6 survivors (12288K)
 Metaspace       used 104053K, committed 105792K, reserved 1179648K
  class space    used 14286K, committed 14976K, reserved 1048576K
GC Heap History (20 events):
Event: 2013.323 GC heap after
{Heap after GC invocations=107 (full 12):
 garbage-first heap   total 172032K, used 65344K [0x0000000702400000, 0x0000000800000000)
  region size 2048K, 4 young (8192K), 4 survivors (8192K)
 Metaspace       used 104085K, committed 106368K, reserved 1179648K
  class space    used 14298K, committed 14976K, reserved 1048576K
}
Event: 2157.909 GC heap before
{Heap before GC invocations=108 (full 12):
 garbage-first heap   total 172032K, used 145216K [0x0000000702400000, 0x0000000800000000)
  region size 2048K, 43 young (88064K), 4 survivors (8192K)
 Metaspace       used 103921K, committed 106368K, reserved 1179648K
  class space    used 14257K, committed 14976K, reserved 1048576K
}
Event: 2157.914 GC heap after
{Heap after GC invocations=109 (full 12):
 garbage-first heap   total 172032K, used 62611K [0x0000000702400000, 0x0000000800000000)
  region size 2048K, 2 young (4096K), 2 survivors (4096K)
 Metaspace       used 103921K, committed 106368K, reserved 1179648K
  class space    used 14257K, committed 14976K, reserved 1048576K
}
Event: 2317.523 GC heap before
{Heap before GC invocations=109 (full 12):
 garbage-first heap   total 172032K, used 150675K [0x0000000702400000, 0x0000000800000000)
  region size 2048K, 45 young (92160K), 2 survivors (4096K)
 Metaspace       used 103935K, committed 106368K, reserved 1179648K
  class space    used 14262K, committed 14976K, reserved 1048576K
}
Event: 2317.532 GC heap after
{Heap after GC invocations=110 (full 12):
 garbage-first heap   total 172032K, used 58115K [0x0000000702400000, 0x0000000800000000)
  region size 2048K, 2 young (4096K), 2 survivors (4096K)
 Metaspace       used 103935K, committed 106368K, reserved 1179648K
  class space    used 14262K, committed 14976K, reserved 1048576K
}
Event: 2518.721 GC heap before
{Heap before GC invocations=110 (full 12):
 garbage-first heap   total 172032K, used 156419K [0x0000000702400000, 0x0000000800000000)
  region size 2048K, 50 young (102400K), 2 survivors (4096K)
 Metaspace       used 103935K, committed 106368K, reserved 1179648K
  class space    used 14262K, committed 14976K, reserved 1048576K
}
Event: 2518.725 GC heap after
{Heap after GC invocations=111 (full 12):
 garbage-first heap   total 172032K, used 57849K [0x0000000702400000, 0x0000000800000000)
  region size 2048K, 2 young (4096K), 2 survivors (4096K)
 Metaspace       used 103935K, committed 106368K, reserved 1179648K
  class space    used 14262K, committed 14976K, reserved 1048576K
}
Event: 2719.852 GC heap before
{Heap before GC invocations=112 (full 12):
 garbage-first heap   total 172032K, used 156153K [0x0000000702400000, 0x0000000800000000)
  region size 2048K, 50 young (102400K), 2 survivors (4096K)
 Metaspace       used 103856K, committed 106368K, reserved 1179648K
  class space    used 14243K, committed 14976K, reserved 1048576K
}
Event: 2719.860 GC heap after
{Heap after GC invocations=113 (full 12):
 garbage-first heap   total 172032K, used 58107K [0x0000000702400000, 0x0000000800000000)
  region size 2048K, 2 young (4096K), 2 survivors (4096K)
 Metaspace       used 103856K, committed 106368K, reserved 1179648K
  class space    used 14243K, committed 14976K, reserved 1048576K
}
Event: 2920.992 GC heap before
{Heap before GC invocations=113 (full 12):
 garbage-first heap   total 172032K, used 156411K [0x0000000702400000, 0x0000000800000000)
  region size 2048K, 50 young (102400K), 2 survivors (4096K)
 Metaspace       used 103856K, committed 106368K, reserved 1179648K
  class space    used 14243K, committed 14976K, reserved 1048576K
}
Event: 2920.997 GC heap after
{Heap after GC invocations=114 (full 12):
 garbage-first heap   total 172032K, used 55413K [0x0000000702400000, 0x0000000800000000)
  region size 2048K, 2 young (4096K), 2 survivors (4096K)
 Metaspace       used 103856K, committed 106368K, reserved 1179648K
  class space    used 14243K, committed 14976K, reserved 1048576K
}
Event: 2999.694 GC heap before
{Heap before GC invocations=114 (full 12):
 garbage-first heap   total 172032K, used 96373K [0x0000000702400000, 0x0000000800000000)
  region size 2048K, 23 young (47104K), 2 survivors (4096K)
 Metaspace       used 103865K, committed 106368K, reserved 1179648K
  class space    used 14245K, committed 14976K, reserved 1048576K
}
Event: 2999.802 GC heap after
{Heap after GC invocations=115 (full 13):
 garbage-first heap   total 172032K, used 44690K [0x0000000702400000, 0x0000000800000000)
  region size 2048K, 0 young (0K), 0 survivors (0K)
 Metaspace       used 101194K, committed 105792K, reserved 1179648K
  class space    used 14004K, committed 14976K, reserved 1048576K
}
Event: 3000.408 GC heap before
{Heap before GC invocations=115 (full 13):
 garbage-first heap   total 172032K, used 73362K [0x0000000702400000, 0x0000000800000000)
  region size 2048K, 15 young (30720K), 0 survivors (0K)
 Metaspace       used 101548K, committed 105792K, reserved 1179648K
  class space    used 14050K, committed 14976K, reserved 1048576K
}
Event: 3000.411 GC heap after
{Heap after GC invocations=116 (full 13):
 garbage-first heap   total 172032K, used 48900K [0x0000000702400000, 0x0000000800000000)
  region size 2048K, 3 young (6144K), 3 survivors (6144K)
 Metaspace       used 101548K, committed 105792K, reserved 1179648K
  class space    used 14050K, committed 14976K, reserved 1048576K
}
Event: 3001.840 GC heap before
{Heap before GC invocations=117 (full 13):
 garbage-first heap   total 172032K, used 143108K [0x0000000702400000, 0x0000000800000000)
  region size 2048K, 50 young (102400K), 3 survivors (6144K)
 Metaspace       used 102263K, committed 105792K, reserved 1179648K
  class space    used 14139K, committed 14976K, reserved 1048576K
}
Event: 3001.849 GC heap after
{Heap after GC invocations=118 (full 13):
 garbage-first heap   total 172032K, used 54346K [0x0000000702400000, 0x0000000800000000)
  region size 2048K, 5 young (10240K), 5 survivors (10240K)
 Metaspace       used 102263K, committed 105792K, reserved 1179648K
  class space    used 14139K, committed 14976K, reserved 1048576K
}
Event: 3003.377 GC heap before
{Heap before GC invocations=118 (full 13):
 garbage-first heap   total 172032K, used 142410K [0x0000000702400000, 0x0000000800000000)
  region size 2048K, 48 young (98304K), 5 survivors (10240K)
 Metaspace       used 103805K, committed 105792K, reserved 1179648K
  class space    used 14259K, committed 14976K, reserved 1048576K
}
Event: 3003.389 GC heap after
{Heap after GC invocations=119 (full 13):
 garbage-first heap   total 172032K, used 59488K [0x0000000702400000, 0x0000000800000000)
  region size 2048K, 6 young (12288K), 6 survivors (12288K)
 Metaspace       used 103805K, committed 105792K, reserved 1179648K
  class space    used 14259K, committed 14976K, reserved 1048576K
}
Event: 3005.367 GC heap before
{Heap before GC invocations=119 (full 13):
 garbage-first heap   total 172032K, used 120928K [0x0000000702400000, 0x0000000800000000)
  region size 2048K, 37 young (75776K), 6 survivors (12288K)
 Metaspace       used 104053K, committed 105792K, reserved 1179648K
  class space    used 14286K, committed 14976K, reserved 1048576K
}

